ERROR - 2025-07-19 07:35:13 --> Error connecting to the database: mysqli_sql_exception: Access denied for user ''@'localhost' (using password: NO) in C:\laragon\www\restaurant_website\system\Database\MySQLi\Connection.php:201
Stack trace:
#0 C:\laragon\www\restaurant_website\system\Database\MySQLi\Connection.php(201): mysqli->real_connect('localhost', '', Object(SensitiveParameterValue), '', 3306, '', 0)
#1 C:\laragon\www\restaurant_website\system\Database\BaseConnection.php(421): CodeIgniter\Database\MySQLi\Connection->connect(false)
#2 C:\laragon\www\restaurant_website\system\Database\BaseConnection.php(620): CodeIgniter\Database\BaseConnection->initialize()
#3 C:\laragon\www\restaurant_website\system\Database\BaseBuilder.php(1649): CodeIgniter\Database\BaseConnection->query('SELECT *\nFROM `...', Array, false)
#4 C:\laragon\www\restaurant_website\system\Model.php(330): CodeIgniter\Database\BaseBuilder->get()
#5 C:\laragon\www\restaurant_website\system\BaseModel.php(717): CodeIgniter\Model->doFirst()
#6 C:\laragon\www\restaurant_website\app\Controllers\AuthController.php(20): CodeIgniter\BaseModel->first()
#7 C:\laragon\www\restaurant_website\system\CodeIgniter.php(933): App\Controllers\AuthController->login()
#8 C:\laragon\www\restaurant_website\system\CodeIgniter.php(507): CodeIgniter\CodeIgniter->runController(Object(App\Controllers\AuthController))
#9 C:\laragon\www\restaurant_website\system\CodeIgniter.php(354): CodeIgniter\CodeIgniter->handleRequest(NULL, Object(Config\Cache), false)
#10 C:\laragon\www\restaurant_website\system\Boot.php(334): CodeIgniter\CodeIgniter->run()
#11 C:\laragon\www\restaurant_website\system\Boot.php(67): CodeIgniter\Boot::runCodeIgniter(Object(CodeIgniter\CodeIgniter))
#12 C:\laragon\www\restaurant_website\public\index.php(59): CodeIgniter\Boot::bootWeb(Object(Config\Paths))
#13 {main}

Next CodeIgniter\Database\Exceptions\DatabaseException: Access denied for user ''@'localhost' (using password: NO) in C:\laragon\www\restaurant_website\system\Database\MySQLi\Connection.php:246
Stack trace:
#0 C:\laragon\www\restaurant_website\system\Database\BaseConnection.php(421): CodeIgniter\Database\MySQLi\Connection->connect(false)
#1 C:\laragon\www\restaurant_website\system\Database\BaseConnection.php(620): CodeIgniter\Database\BaseConnection->initialize()
#2 C:\laragon\www\restaurant_website\system\Database\BaseBuilder.php(1649): CodeIgniter\Database\BaseConnection->query('SELECT *\nFROM `...', Array, false)
#3 C:\laragon\www\restaurant_website\system\Model.php(330): CodeIgniter\Database\BaseBuilder->get()
#4 C:\laragon\www\restaurant_website\system\BaseModel.php(717): CodeIgniter\Model->doFirst()
#5 C:\laragon\www\restaurant_website\app\Controllers\AuthController.php(20): CodeIgniter\BaseModel->first()
#6 C:\laragon\www\restaurant_website\system\CodeIgniter.php(933): App\Controllers\AuthController->login()
#7 C:\laragon\www\restaurant_website\system\CodeIgniter.php(507): CodeIgniter\CodeIgniter->runController(Object(App\Controllers\AuthController))
#8 C:\laragon\www\restaurant_website\system\CodeIgniter.php(354): CodeIgniter\CodeIgniter->handleRequest(NULL, Object(Config\Cache), false)
#9 C:\laragon\www\restaurant_website\system\Boot.php(334): CodeIgniter\CodeIgniter->run()
#10 C:\laragon\www\restaurant_website\system\Boot.php(67): CodeIgniter\Boot::runCodeIgniter(Object(CodeIgniter\CodeIgniter))
#11 C:\laragon\www\restaurant_website\public\index.php(59): CodeIgniter\Boot::bootWeb(Object(Config\Paths))
#12 {main}
CRITICAL - 2025-07-19 07:35:13 --> CodeIgniter\Database\Exceptions\DatabaseException: Unable to connect to the database.
Main connection [MySQLi]: Access denied for user ''@'localhost' (using password: NO)
[Method: GET, Route: admin/login]
in SYSTEMPATH\Database\BaseConnection.php on line 467.
 1 SYSTEMPATH\Database\BaseConnection.php(620): CodeIgniter\Database\BaseConnection->initialize()
 2 SYSTEMPATH\Database\BaseBuilder.php(1649): CodeIgniter\Database\BaseConnection->query('SELECT *
FROM `users`
WHERE `email` IS NULL
 LIMIT 1', [], false)
 3 SYSTEMPATH\Model.php(330): CodeIgniter\Database\BaseBuilder->get()
 4 SYSTEMPATH\BaseModel.php(717): CodeIgniter\Model->doFirst()
 5 APPPATH\Controllers\AuthController.php(20): CodeIgniter\BaseModel->first()
 6 SYSTEMPATH\CodeIgniter.php(933): App\Controllers\AuthController->login()
 7 SYSTEMPATH\CodeIgniter.php(507): CodeIgniter\CodeIgniter->runController(Object(App\Controllers\AuthController))
 8 SYSTEMPATH\CodeIgniter.php(354): CodeIgniter\CodeIgniter->handleRequest(null, Object(Config\Cache), false)
 9 SYSTEMPATH\Boot.php(334): CodeIgniter\CodeIgniter->run()
10 SYSTEMPATH\Boot.php(67): CodeIgniter\Boot::runCodeIgniter(Object(CodeIgniter\CodeIgniter))
11 FCPATH\index.php(59): CodeIgniter\Boot::bootWeb(Object(Config\Paths))
ERROR - 2025-07-19 07:36:22 --> Error connecting to the database: mysqli_sql_exception: Access denied for user ''@'localhost' (using password: NO) in C:\laragon\www\restaurant_website\system\Database\MySQLi\Connection.php:201
Stack trace:
#0 C:\laragon\www\restaurant_website\system\Database\MySQLi\Connection.php(201): mysqli->real_connect('localhost', '', Object(SensitiveParameterValue), '', 3306, '', 0)
#1 C:\laragon\www\restaurant_website\system\Database\BaseConnection.php(421): CodeIgniter\Database\MySQLi\Connection->connect(false)
#2 C:\laragon\www\restaurant_website\system\Database\BaseConnection.php(620): CodeIgniter\Database\BaseConnection->initialize()
#3 C:\laragon\www\restaurant_website\system\Database\BaseBuilder.php(1649): CodeIgniter\Database\BaseConnection->query('SELECT *\nFROM `...', Array, false)
#4 C:\laragon\www\restaurant_website\system\Model.php(330): CodeIgniter\Database\BaseBuilder->get()
#5 C:\laragon\www\restaurant_website\system\BaseModel.php(717): CodeIgniter\Model->doFirst()
#6 C:\laragon\www\restaurant_website\app\Controllers\AuthController.php(20): CodeIgniter\BaseModel->first()
#7 C:\laragon\www\restaurant_website\system\CodeIgniter.php(933): App\Controllers\AuthController->login()
#8 C:\laragon\www\restaurant_website\system\CodeIgniter.php(507): CodeIgniter\CodeIgniter->runController(Object(App\Controllers\AuthController))
#9 C:\laragon\www\restaurant_website\system\CodeIgniter.php(354): CodeIgniter\CodeIgniter->handleRequest(NULL, Object(Config\Cache), false)
#10 C:\laragon\www\restaurant_website\system\Boot.php(334): CodeIgniter\CodeIgniter->run()
#11 C:\laragon\www\restaurant_website\system\Boot.php(67): CodeIgniter\Boot::runCodeIgniter(Object(CodeIgniter\CodeIgniter))
#12 C:\laragon\www\restaurant_website\public\index.php(59): CodeIgniter\Boot::bootWeb(Object(Config\Paths))
#13 {main}

Next CodeIgniter\Database\Exceptions\DatabaseException: Access denied for user ''@'localhost' (using password: NO) in C:\laragon\www\restaurant_website\system\Database\MySQLi\Connection.php:246
Stack trace:
#0 C:\laragon\www\restaurant_website\system\Database\BaseConnection.php(421): CodeIgniter\Database\MySQLi\Connection->connect(false)
#1 C:\laragon\www\restaurant_website\system\Database\BaseConnection.php(620): CodeIgniter\Database\BaseConnection->initialize()
#2 C:\laragon\www\restaurant_website\system\Database\BaseBuilder.php(1649): CodeIgniter\Database\BaseConnection->query('SELECT *\nFROM `...', Array, false)
#3 C:\laragon\www\restaurant_website\system\Model.php(330): CodeIgniter\Database\BaseBuilder->get()
#4 C:\laragon\www\restaurant_website\system\BaseModel.php(717): CodeIgniter\Model->doFirst()
#5 C:\laragon\www\restaurant_website\app\Controllers\AuthController.php(20): CodeIgniter\BaseModel->first()
#6 C:\laragon\www\restaurant_website\system\CodeIgniter.php(933): App\Controllers\AuthController->login()
#7 C:\laragon\www\restaurant_website\system\CodeIgniter.php(507): CodeIgniter\CodeIgniter->runController(Object(App\Controllers\AuthController))
#8 C:\laragon\www\restaurant_website\system\CodeIgniter.php(354): CodeIgniter\CodeIgniter->handleRequest(NULL, Object(Config\Cache), false)
#9 C:\laragon\www\restaurant_website\system\Boot.php(334): CodeIgniter\CodeIgniter->run()
#10 C:\laragon\www\restaurant_website\system\Boot.php(67): CodeIgniter\Boot::runCodeIgniter(Object(CodeIgniter\CodeIgniter))
#11 C:\laragon\www\restaurant_website\public\index.php(59): CodeIgniter\Boot::bootWeb(Object(Config\Paths))
#12 {main}
CRITICAL - 2025-07-19 07:36:22 --> CodeIgniter\Database\Exceptions\DatabaseException: Unable to connect to the database.
Main connection [MySQLi]: Access denied for user ''@'localhost' (using password: NO)
[Method: GET, Route: admin/login]
in SYSTEMPATH\Database\BaseConnection.php on line 467.
 1 SYSTEMPATH\Database\BaseConnection.php(620): CodeIgniter\Database\BaseConnection->initialize()
 2 SYSTEMPATH\Database\BaseBuilder.php(1649): CodeIgniter\Database\BaseConnection->query('SELECT *
FROM `users`
WHERE `email` IS NULL
 LIMIT 1', [], false)
 3 SYSTEMPATH\Model.php(330): CodeIgniter\Database\BaseBuilder->get()
 4 SYSTEMPATH\BaseModel.php(717): CodeIgniter\Model->doFirst()
 5 APPPATH\Controllers\AuthController.php(20): CodeIgniter\BaseModel->first()
 6 SYSTEMPATH\CodeIgniter.php(933): App\Controllers\AuthController->login()
 7 SYSTEMPATH\CodeIgniter.php(507): CodeIgniter\CodeIgniter->runController(Object(App\Controllers\AuthController))
 8 SYSTEMPATH\CodeIgniter.php(354): CodeIgniter\CodeIgniter->handleRequest(null, Object(Config\Cache), false)
 9 SYSTEMPATH\Boot.php(334): CodeIgniter\CodeIgniter->run()
10 SYSTEMPATH\Boot.php(67): CodeIgniter\Boot::runCodeIgniter(Object(CodeIgniter\CodeIgniter))
11 FCPATH\index.php(59): CodeIgniter\Boot::bootWeb(Object(Config\Paths))
CRITICAL - 2025-07-19 07:39:20 --> CodeIgniter\View\Exceptions\ViewException: Invalid file: "admin/login.php"
[Method: GET, Route: admin/login]
in SYSTEMPATH\Exceptions\FrameworkException.php on line 39.
 1 SYSTEMPATH\View\View.php(212): CodeIgniter\Exceptions\FrameworkException::forInvalidFile('admin/login.php')
 2 SYSTEMPATH\Common.php(1173): CodeIgniter\View\View->render('admin/login', [], true)
 3 APPPATH\Controllers\AuthController.php(11): view('admin/login')
 4 SYSTEMPATH\CodeIgniter.php(933): App\Controllers\AuthController->loginForm()
 5 SYSTEMPATH\CodeIgniter.php(507): CodeIgniter\CodeIgniter->runController(Object(App\Controllers\AuthController))
 6 SYSTEMPATH\CodeIgniter.php(354): CodeIgniter\CodeIgniter->handleRequest(null, Object(Config\Cache), false)
 7 SYSTEMPATH\Boot.php(334): CodeIgniter\CodeIgniter->run()
 8 SYSTEMPATH\Boot.php(67): CodeIgniter\Boot::runCodeIgniter(Object(CodeIgniter\CodeIgniter))
 9 FCPATH\index.php(59): CodeIgniter\Boot::bootWeb(Object(Config\Paths))
CRITICAL - 2025-07-19 07:54:06 --> ErrorException: Undefined variable $validation
[Method: GET, Route: admin/login]
in APPPATH\Views\admin\auth\login.php on line 44.
 1 APPPATH\Views\admin\auth\login.php(44): CodeIgniter\Debug\Exceptions->errorHandler(2, 'Undefined variable $validation', 'C:\\laragon\\www\\restaurant_website\\app\\Views\\admin\\auth\\login.php', 44)
 2 SYSTEMPATH\View\View.php(224): include('C:\\laragon\\www\\restaurant_website\\app\\Views\\admin\\auth\\login.php')
 3 SYSTEMPATH\View\View.php(227): CodeIgniter\View\View->CodeIgniter\View\{closure}()
 4 SYSTEMPATH\Common.php(1173): CodeIgniter\View\View->render('admin/auth/login', [], true)
 5 APPPATH\Controllers\AuthController.php(11): view('admin/auth/login')
 6 SYSTEMPATH\CodeIgniter.php(933): App\Controllers\AuthController->loginForm()
 7 SYSTEMPATH\CodeIgniter.php(507): CodeIgniter\CodeIgniter->runController(Object(App\Controllers\AuthController))
 8 SYSTEMPATH\CodeIgniter.php(354): CodeIgniter\CodeIgniter->handleRequest(null, Object(Config\Cache), false)
 9 SYSTEMPATH\Boot.php(334): CodeIgniter\CodeIgniter->run()
10 SYSTEMPATH\Boot.php(67): CodeIgniter\Boot::runCodeIgniter(Object(CodeIgniter\CodeIgniter))
11 FCPATH\index.php(59): CodeIgniter\Boot::bootWeb(Object(Config\Paths))
